Retrieving logs...
============= i-0aee4b32a58d3c3b1 ==============
-------------------------------------
/var/log/httpd/error_log
-------------------------------------
[Sun Mar 12 18:03:25.693016 2017] [suexec:notice] [pid 2824] AH01232: suEXEC mechanism enabled (wrapper: /usr/sbin/suexec)
[Sun Mar 12 18:03:25.702883 2017] [auth_digest:notice] [pid 2824] AH01757: generating secret for digest authentication ...
[Sun Mar 12 18:03:25.703381 2017] [lbmethod_heartbeat:notice] [pid 2824] AH02282: No slotmem from mod_heartmonitor
[Sun Mar 12 18:03:25.703406 2017] [:warn] [pid 2824] mod_wsgi: Compiled for Python/2.7.10.
[Sun Mar 12 18:03:25.703409 2017] [:warn] [pid 2824] mod_wsgi: Runtime using Python/2.7.12.
[Sun Mar 12 18:03:25.704842 2017] [mpm_prefork:notice] [pid 2824] AH00163: Apache/2.4.25 (Amazon) mod_wsgi/3.5 Python/2.7.12 configured -- resuming normal operations
[Sun Mar 12 18:03:25.704855 2017] [core:notice] [pid 2824] AH00094: Command line: '/usr/sbin/httpd -D FOREGROUND'



-------------------------------------
/opt/python/log/supervisord.log
-------------------------------------
2017-03-12 18:03:23,912 CRIT Supervisor running as root (no user in config file)
2017-03-12 18:03:23,925 INFO RPC interface 'supervisor' initialized
2017-03-12 18:03:23,925 CRIT Server 'unix_http_server' running without any HTTP authentication checking
2017-03-12 18:03:23,925 INFO supervisord started with pid 2809
2017-03-12 18:03:24,927 INFO spawned: 'httpd' with pid 2824
2017-03-12 18:03:26,692 INFO success: httpd entered RUNNING state, process has stayed up for > than 1 seconds (startsecs)



-------------------------------------
/var/log/httpd/access_log
-------------------------------------




-------------------------------------
/var/log/eb-activity.log
-------------------------------------
[2017-03-12T18:03:45.392Z] INFO  [2978]  - [Application deployment app-3486-170312_140038@1/StartupStage0/HealthdLogRotation] : Completed activity. Result:
  ["/etc/cron.hourly/cron.logrotate.elasticbeanstalk.healthd.conf"]
[2017-03-12T18:03:45.392Z] INFO  [2978]  - [Application deployment app-3486-170312_140038@1/StartupStage0/HealthdHTTPDLogging] : Starting activity...
[2017-03-12T18:03:45.393Z] INFO  [2978]  - [Application deployment app-3486-170312_140038@1/StartupStage0/HealthdHTTPDLogging] : Completed activity.
[2017-03-12T18:03:45.393Z] INFO  [2978]  - [Application deployment app-3486-170312_140038@1/StartupStage0/HealthdNginxLogging] : Starting activity...
[2017-03-12T18:03:45.393Z] INFO  [2978]  - [Application deployment app-3486-170312_140038@1/StartupStage0/HealthdNginxLogging] : Completed activity.
[2017-03-12T18:03:45.393Z] INFO  [2978]  - [Application deployment app-3486-170312_140038@1/StartupStage0/EbExtensionPreBuild] : Starting activity...
[2017-03-12T18:03:45.652Z] INFO  [2978]  - [Application deployment app-3486-170312_140038@1/StartupStage0/EbExtensionPreBuild/Infra-EmbeddedPreBuild] : Starting activity...
[2017-03-12T18:03:45.652Z] INFO  [2978]  - [Application deployment app-3486-170312_140038@1/StartupStage0/EbExtensionPreBuild/Infra-EmbeddedPreBuild] : Completed activity.
[2017-03-12T18:03:45.666Z] INFO  [2978]  - [Application deployment app-3486-170312_140038@1/StartupStage0/EbExtensionPreBuild] : Completed activity.
[2017-03-12T18:03:45.666Z] INFO  [2978]  - [Application deployment app-3486-170312_140038@1/StartupStage0/AppDeployPreHook] : Starting activity...
[2017-03-12T18:03:45.667Z] INFO  [2978]  - [Application deployment app-3486-170312_140038@1/StartupStage0/AppDeployPreHook/01new.py] : Starting activity...
[2017-03-12T18:03:45.968Z] INFO  [2978]  - [Application deployment app-3486-170312_140038@1/StartupStage0/AppDeployPreHook/01new.py] : Completed activity.
[2017-03-12T18:03:45.968Z] INFO  [2978]  - [Application deployment app-3486-170312_140038@1/StartupStage0/AppDeployPreHook/02unzip.py] : Starting activity...
[2017-03-12T18:03:46.450Z] INFO  [2978]  - [Application deployment app-3486-170312_140038@1/StartupStage0/AppDeployPreHook/02unzip.py] : Completed activity. Result:
  Archive:  /opt/elasticbeanstalk/deploy/appsource/source_bundle
  34860eedafdf07f3b960fbed0fe72d657abd82af
     creating: /opt/python/ondeck/app/.idea/
    inflating: /opt/python/ondeck/app/.idea/vcs.xml  
    inflating: /opt/python/ondeck/app/ElasticSearchServices.py  
    inflating: /opt/python/ondeck/app/README.md  
     creating: /opt/python/ondeck/app/Static/
     creating: /opt/python/ondeck/app/Static/css/
    inflating: /opt/python/ondeck/app/Static/css/Bootstrap.css  
    inflating: /opt/python/ondeck/app/Static/css/bootstrap.min.css  
    inflating: /opt/python/ondeck/app/Static/css/style.css  
     creating: /opt/python/ondeck/app/Static/js/
    inflating: /opt/python/ondeck/app/Static/js/tweetController.js  
    inflating: /opt/python/ondeck/app/TweetHandler.py  
    inflating: /opt/python/ondeck/app/TweetListener.py  
    inflating: /opt/python/ondeck/app/application.py  
    inflating: /opt/python/ondeck/app/elasticsearchtest.py  
    inflating: /opt/python/ondeck/app/requirements.txt  
     creating: /opt/python/ondeck/app/templates/
    inflating: /opt/python/ondeck/app/templates/index.html  
[2017-03-12T18:03:46.451Z] INFO  [2978]  - [Application deployment app-3486-170312_140038@1/StartupStage0/AppDeployPreHook/03deploy.py] : Starting activity...
[2017-03-12T18:03:48.049Z] INFO  [2978]  - [Application deployment app-3486-170312_140038@1/StartupStage0/AppDeployPreHook/03deploy.py] : Activity execution failed, because: Collecting altgraph==0.10.2 (from -r /opt/python/ondeck/app/requirements.txt (line 1))
    Downloading altgraph-0.10.2.tar.gz (481kB)
  Collecting awscli==1.11.45 (from -r /opt/python/ondeck/app/requirements.txt (line 2))
    Downloading awscli-1.11.45-py2.py3-none-any.whl (1.1MB)
  Collecting bdist-mpkg==0.5.0 (from -r /opt/python/ondeck/app/requirements.txt (line 3))
    Downloading bdist_mpkg-0.5.0.tar.gz
  Collecting bonjour-py==0.3 (from -r /opt/python/ondeck/app/requirements.txt (line 4))
    Could not find a version that satisfies the requirement bonjour-py==0.3 (from -r /opt/python/ondeck/app/requirements.txt (line 4)) (from versions: )
  No matching distribution found for bonjour-py==0.3 (from -r /opt/python/ondeck/app/requirements.txt (line 4))
  You are using pip version 7.1.2, however version 9.0.1 is available.
  You should consider upgrading via the 'pip install --upgrade pip' command.
  2017-03-12 18:03:48,043 ERROR    Error installing dependencies: Command '/opt/python/run/venv/bin/pip install -r /opt/python/ondeck/app/requirements.txt' returned non-zero exit status 1
  Traceback (most recent call last):
    File "/opt/elasticbeanstalk/hooks/appdeploy/pre/03deploy.py", line 22, in main
      install_dependencies()
    File "/opt/elasticbeanstalk/hooks/appdeploy/pre/03deploy.py", line 18, in install_dependencies
      check_call('%s install -r %s' % (os.path.join(APP_VIRTUAL_ENV, 'bin', 'pip'), requirements_file), shell=True)
    File "/usr/lib64/python2.7/subprocess.py", line 541, in check_call
      raise CalledProcessError(retcode, cmd)
  CalledProcessError: Command '/opt/python/run/venv/bin/pip install -r /opt/python/ondeck/app/requirements.txt' returned non-zero exit status 1 (ElasticBeanstalk::ExternalInvocationError)
caused by: Collecting altgraph==0.10.2 (from -r /opt/python/ondeck/app/requirements.txt (line 1))
    Downloading altgraph-0.10.2.tar.gz (481kB)
  Collecting awscli==1.11.45 (from -r /opt/python/ondeck/app/requirements.txt (line 2))
    Downloading awscli-1.11.45-py2.py3-none-any.whl (1.1MB)
  Collecting bdist-mpkg==0.5.0 (from -r /opt/python/ondeck/app/requirements.txt (line 3))
    Downloading bdist_mpkg-0.5.0.tar.gz
  Collecting bonjour-py==0.3 (from -r /opt/python/ondeck/app/requirements.txt (line 4))
    Could not find a version that satisfies the requirement bonjour-py==0.3 (from -r /opt/python/ondeck/app/requirements.txt (line 4)) (from versions: )
  No matching distribution found for bonjour-py==0.3 (from -r /opt/python/ondeck/app/requirements.txt (line 4))
  You are using pip version 7.1.2, however version 9.0.1 is available.
  You should consider upgrading via the 'pip install --upgrade pip' command.
  2017-03-12 18:03:48,043 ERROR    Error installing dependencies: Command '/opt/python/run/venv/bin/pip install -r /opt/python/ondeck/app/requirements.txt' returned non-zero exit status 1
  Traceback (most recent call last):
    File "/opt/elasticbeanstalk/hooks/appdeploy/pre/03deploy.py", line 22, in main
      install_dependencies()
    File "/opt/elasticbeanstalk/hooks/appdeploy/pre/03deploy.py", line 18, in install_dependencies
      check_call('%s install -r %s' % (os.path.join(APP_VIRTUAL_ENV, 'bin', 'pip'), requirements_file), shell=True)
    File "/usr/lib64/python2.7/subprocess.py", line 541, in check_call
      raise CalledProcessError(retcode, cmd)
  CalledProcessError: Command '/opt/python/run/venv/bin/pip install -r /opt/python/ondeck/app/requirements.txt' returned non-zero exit status 1 (Executor::NonZeroExitStatus)


[2017-03-12T18:03:48.049Z] INFO  [2978]  - [Application deployment app-3486-170312_140038@1/StartupStage0/AppDeployPreHook/03deploy.py] : Activity failed.
[2017-03-12T18:03:48.049Z] INFO  [2978]  - [Application deployment app-3486-170312_140038@1/StartupStage0/AppDeployPreHook] : Activity failed.
[2017-03-12T18:03:48.049Z] INFO  [2978]  - [Application deployment app-3486-170312_140038@1/StartupStage0] : Activity failed.
[2017-03-12T18:03:48.049Z] INFO  [2978]  - [Application deployment app-3486-170312_140038@1] : Completed activity. Result:
  Application deployment - Command CMD-Startup failed
[2017-03-12T18:10:48.646Z] INFO  [3259]  - [CMD-TailLogs] : Starting activity...
[2017-03-12T18:10:48.646Z] INFO  [3259]  - [CMD-TailLogs/AddonsBefore] : Starting activity...
[2017-03-12T18:10:48.646Z] INFO  [3259]  - [CMD-TailLogs/AddonsBefore] : Completed activity.
[2017-03-12T18:10:48.646Z] INFO  [3259]  - [CMD-TailLogs/TailLogs] : Starting activity...
[2017-03-12T18:10:48.646Z] INFO  [3259]  - [CMD-TailLogs/TailLogs/TailLogs] : Starting activity...
[2017-03-12T18:10:48.818Z] INFO  [3259]  - [CMD-TailLogs/TailLogs/TailLogs] : Completed activity.
[2017-03-12T18:10:48.818Z] INFO  [3259]  - [CMD-TailLogs/TailLogs] : Completed activity. Result:
  CMD-TailLogs - stage 0 - Command CMD-TailLogs stage 0 completed
[2017-03-12T18:10:48.818Z] INFO  [3259]  - [CMD-TailLogs/AddonsAfter] : Starting activity...
[2017-03-12T18:10:48.818Z] INFO  [3259]  - [CMD-TailLogs/AddonsAfter] : Completed activity.
[2017-03-12T18:10:48.818Z] INFO  [3259]  - [CMD-TailLogs] : Completed activity. Result:
  CMD-TailLogs - Command CMD-TailLogs succeeded
[2017-03-12T18:12:02.104Z] INFO  [3303]  - [CMD-TailLogs] : Starting activity...
[2017-03-12T18:12:02.104Z] INFO  [3303]  - [CMD-TailLogs/AddonsBefore] : Starting activity...
[2017-03-12T18:12:02.104Z] INFO  [3303]  - [CMD-TailLogs/AddonsBefore] : Completed activity.
[2017-03-12T18:12:02.104Z] INFO  [3303]  - [CMD-TailLogs/TailLogs] : Starting activity...
[2017-03-12T18:12:02.104Z] INFO  [3303]  - [CMD-TailLogs/TailLogs/TailLogs] : Starting activity...



-------------------------------------
/var/log/eb-commandprocessor.log
-------------------------------------
    Downloading altgraph-0.10.2.tar.gz (481kB)
  Collecting awscli==1.11.45 (from -r /opt/python/ondeck/app/requirements.txt (line 2))
    Downloading awscli-1.11.45-py2.py3-none-any.whl (1.1MB)
  Collecting bdist-mpkg==0.5.0 (from -r /opt/python/ondeck/app/requirements.txt (line 3))
    Downloading bdist_mpkg-0.5.0.tar.gz
  Collecting bonjour-py==0.3 (from -r /opt/python/ondeck/app/requirements.txt (line 4))
    Could not find a version that satisfies the requirement bonjour-py==0.3 (from -r /opt/python/ondeck/app/requirements.txt (line 4)) (from versions: )
  No matching distribution found for bonjour-py==0.3 (from -r /opt/python/ondeck/app/requirements.txt (line 4))
  You are using pip version 7.1.2, however version 9.0.1 is available.
  You should consider upgrading via the 'source ~/eb-virt/bin/activate' command.
  2017-03-12 18:03:48,043 ERROR    Error installing dependencies: Command '/opt/python/run/venv/bin/pip install -r /opt/python/ondeck/app/requirements.txt' returned non-zero exit status 1
  Traceback (most recent call last):
    File "/opt/elasticbeanstalk/hooks/appdeploy/pre/03deploy.py", line 22, in main
      install_dependencies()
    File "/opt/elasticbeanstalk/hooks/appdeploy/pre/03deploy.py", line 18, in install_dependencies
      check_call('%s install -r %s' % (os.path.join(APP_VIRTUAL_ENV, 'bin', 'pip'), requirements_file), shell=True)
    File "/usr/lib64/python2.7/subprocess.py", line 541, in check_call
      raise CalledProcessError(retcode, cmd)
  CalledProcessError: Command '/opt/python/run/venv/bin/pip install -r /opt/python/ondeck/app/requirements.txt' returned non-zero exit status 1 (ElasticBeanstalk::ExternalInvocationError)
caused by: Collecting altgraph==0.10.2 (from -r /opt/python/ondeck/app/requirements.txt (line 1))
    Downloading altgraph-0.10.2.tar.gz (481kB)
  Collecting awscli==1.11.45 (from -r /opt/python/ondeck/app/requirements.txt (line 2))
    Downloading awscli-1.11.45-py2.py3-none-any.whl (1.1MB)
  Collecting bdist-mpkg==0.5.0 (from -r /opt/python/ondeck/app/requirements.txt (line 3))
    Downloading bdist_mpkg-0.5.0.tar.gz
  Collecting bonjour-py==0.3 (from -r /opt/python/ondeck/app/requirements.txt (line 4))
    Could not find a version that satisfies the requirement bonjour-py==0.3 (from -r /opt/python/ondeck/app/requirements.txt (line 4)) (from versions: )
  No matching distribution found for bonjour-py==0.3 (from -r /opt/python/ondeck/app/requirements.txt (line 4))
  You are using pip version 7.1.2, however version 9.0.1 is available.
  You should consider upgrading via the 'pip install --upgrade pip' command.
  2017-03-12 18:03:48,043 ERROR    Error installing dependencies: Command '/opt/python/run/venv/bin/pip install -r /opt/python/ondeck/app/requirements.txt' returned non-zero exit status 1
  Traceback (most recent call last):
    File "/opt/elasticbeanstalk/hooks/appdeploy/pre/03deploy.py", line 22, in main
      install_dependencies()
    File "/opt/elasticbeanstalk/hooks/appdeploy/pre/03deploy.py", line 18, in install_dependencies
      check_call('%s install -r %s' % (os.path.join(APP_VIRTUAL_ENV, 'bin', 'pip'), requirements_file), shell=True)
    File "/usr/lib64/python2.7/subprocess.py", line 541, in check_call
      raise CalledProcessError(retcode, cmd)
  CalledProcessError: Command '/opt/python/run/venv/bin/pip install -r /opt/python/ondeck/app/requirements.txt' returned non-zero exit status 1 (Executor::NonZeroExitStatus)


[2017-03-12T18:03:48.049Z] ERROR [2978]  : Command CMD-Startup failed!
[2017-03-12T18:03:48.050Z] INFO  [2978]  : Command processor returning results: 
{"status":"FAILURE","api_version":"1.0","results":[{"status":"FAILURE","msg":"(TRUNCATED)...)\n  File \"/usr/lib64/python2.7/subprocess.py\", line 541, in check_call\n    raise CalledProcessError(retcode, cmd)\nCalledProcessError: Command '/opt/python/run/venv/bin/pip install -r /opt/python/ondeck/app/requirements.txt' returned non-zero exit status 1. \nHook /opt/elasticbeanstalk/hooks/appdeploy/pre/03deploy.py failed. For more detail, check /var/log/eb-activity.log using console or EB CLI","returncode":1,"events":[{"msg":"Your requirements.txt is invalid. Snapshot your logs for details.","severity":"ERROR","timestamp":1489341828},{"msg":"Error installing dependencies: Command '/opt/python/run/venv/bin/pip install -r /opt/python/ondeck/app/requirements.txt' returned non-zero exit status 1","severity":"SYSTEM","timestamp":1489341828}]}],"truncated":"true"}
[2017-03-12T18:10:48.641Z] DEBUG [3259]  : Reading config file: /etc/elasticbeanstalk/.aws-eb-stack.properties
[2017-03-12T18:10:48.641Z] DEBUG [3259]  : Checking if the command processor should execute...
[2017-03-12T18:10:48.643Z] DEBUG [3259]  : Checking whether the command is applicable to instance (i-0aee4b32a58d3c3b1)..
[2017-03-12T18:10:48.643Z] INFO  [3259]  : Command is applicable to this instance (i-0aee4b32a58d3c3b1)..
[2017-03-12T18:10:48.643Z] DEBUG [3259]  : Checking if the received command stage is valid..
[2017-03-12T18:10:48.643Z] INFO  [3259]  : No stage_num in command. Valid stage..
[2017-03-12T18:10:48.643Z] INFO  [3259]  : Received command CMD-TailLogs: {"execution_data":"{\"aws_access_key_id\":\"ASIAJKRY6M3HGJXMBEZA\",\"signature\":\"\\\/9CgtKTqPTXB0znO12wXQqyMRBg=\",\"security_token\":\"FQoDYXdzEJP\\\/\\\/\\\/\\\/\\\/\\\/\\\/\\\/\\\/\\\/wEaDGDh7HcruSp3yKd2GiL+AokxBYRMGWOCFxMk\\\/AxNWlpzDgucH3f4Z5IMCze6Tw97D9tTOko3ZguV5RYhY7Rs\\\/m+9ErfvF\\\/p6Va3dUFVPCdl5oQdY1kadyUy03ljWPrOvTJbYZT9hhtjOsJgat0WdERHgsZ70LOvY1LnusBu104NxXEXXlib3ZPERM57Wlm3KWlsPTV38a36DpBV++aJVJtVCyuZFsWdW+FqV5SDQdDR+ZAcplcm7EnihmIo0ii331wm3Lc4iPRnG62si8MxLRAGTfyaUa1J9eEpiKoBn4mIBscyaenQVKzmDegqgma8Gi\\\/7E69s4kj0VGuuZtIxCMfi2eYadWWBXNrlwEeWqfkthKkM522co3AsKdIytF7ulyyHqWpanGWzlgbdIqEL0Z7ioynywhCAgx2jQ1ggQNSMu6dTc7Wr1koVOI+jv6Nw+y\\\/YrC7puq9zFDSQ\\\/cAGcf\\\/tZhEp3tnCwiyR+WeDvNxoOUX7agjDemIwtGe7QlopQg0eAVGMtmClPJB8k9Ckopp6WxgU=\",\"policy\":\"eyJleHBpcmF0aW9uIjoiMjAxNy0wMy0xMlQxODo0MDo0Ni44NDhaIiwiY29uZGl0aW9ucyI6W1sic3RhcnRzLXdpdGgiLCIkeC1hbXotbWV0YS10aW1lX3N0YW1wIiwiIl0sWyJzdGFydHMtd2l0aCIsIiR4LWFtei1tZXRhLXB1Ymxpc2hfbWVjaGFuaXNtIiwiIl0sWyJzdGFydHMtd2l0aCIsIiRrZXkiLCJyZXNvdXJjZXNcL2Vudmlyb25tZW50c1wvbG9nc1wvIl0sWyJzdGFydHMtd2l0aCIsIiR4LWFtei1tZXRhLWJhdGNoX2lkIiwiIl0sWyJzdGFydHMtd2l0aCIsIiR4LWFtei1tZXRhLWZpbGVfbmFtZSIsIiJdLFsic3RhcnRzLXdpdGgiLCIkeC1hbXotc2VjdXJpdHktdG9rZW4iLCIiXSxbInN0YXJ0cy13aXRoIiwiJENvbnRlbnQtVHlwZSIsIiJdLFsiZXEiLCIkYnVja2V0IiwiZWxhc3RpY2JlYW5zdGFsay11cy1lYXN0LTEtNzA4NDY0NjIzNDY4Il0sWyJlcSIsIiRhY2wiLCJwcml2YXRlIl1dfQ==\"}","instance_ids":["i-0aee4b32a58d3c3b1"],"data":"372790e3-074f-11e7-bd9e-8bd71ec1147c","command_name":"CMD-TailLogs","api_version":"1.0","resource_name":"AWSEBAutoScalingGroup","request_id":"372790e3-074f-11e7-bd9e-8bd71ec1147c","command_timeout":"600"}
[2017-03-12T18:10:48.643Z] INFO  [3259]  : Command processor should execute command.
[2017-03-12T18:10:48.643Z] DEBUG [3259]  : Storing current stage..
[2017-03-12T18:10:48.643Z] DEBUG [3259]  : Stage_num does not exist. Not saving null stage. Returning..
[2017-03-12T18:10:48.643Z] DEBUG [3259]  : Reading config file: /etc/elasticbeanstalk/.aws-eb-stack.properties
[2017-03-12T18:10:48.643Z] DEBUG [3259]  : Retrieving metadata for key: AWS::ElasticBeanstalk::Ext||_ContainerConfigFileContent||commands..
[2017-03-12T18:10:48.644Z] DEBUG [3259]  : Retrieving metadata for key: AWS::ElasticBeanstalk::Ext||_API||_Commands..
[2017-03-12T18:10:48.645Z] INFO  [3259]  : Found enabled addons: ["logpublish", "logstreaming"].
[2017-03-12T18:10:48.646Z] INFO  [3259]  : Updating Command definition of addon logpublish.
[2017-03-12T18:10:48.646Z] INFO  [3259]  : Updating Command definition of addon logstreaming.
[2017-03-12T18:10:48.646Z] DEBUG [3259]  : Loaded definition of Command CMD-TailLogs.
[2017-03-12T18:10:48.646Z] INFO  [3259]  : Executing CMD-TailLogs
[2017-03-12T18:10:48.646Z] INFO  [3259]  : Executing command: CMD-TailLogs...
[2017-03-12T18:10:48.646Z] INFO  [3259]  : Executing command CMD-TailLogs activities...
[2017-03-12T18:10:48.646Z] DEBUG [3259]  : Setting environment variables..
[2017-03-12T18:10:48.646Z] INFO  [3259]  : Running AddonsBefore for command CMD-TailLogs...
[2017-03-12T18:10:48.646Z] DEBUG [3259]  : Running stages of Command CMD-TailLogs from stage 0 to stage 0...
[2017-03-12T18:10:48.646Z] INFO  [3259]  : Running stage 0 of command CMD-TailLogs...
[2017-03-12T18:10:48.646Z] DEBUG [3259]  : Loaded 1 actions for stage 0.
[2017-03-12T18:10:48.646Z] INFO  [3259]  : Running 1 of 1 actions: TailLogs...
[2017-03-12T18:10:48.818Z] INFO  [3259]  : Running AddonsAfter for command CMD-TailLogs...
[2017-03-12T18:10:48.818Z] INFO  [3259]  : Command CMD-TailLogs succeeded!
[2017-03-12T18:10:48.819Z] INFO  [3259]  : Command processor returning results: 
{"status":"SUCCESS","api_version":"1.0","results":[{"status":"SUCCESS","msg":"","returncode":0,"events":[{"msg":"[Instance: i-0aee4b32a58d3c3b1] Successfully finished tailing 5 log(s)","severity":"INFO","timestamp":1489342248818}]}]}
[2017-03-12T18:12:02.097Z] DEBUG [3303]  : Reading config file: /etc/elasticbeanstalk/.aws-eb-stack.properties
[2017-03-12T18:12:02.097Z] DEBUG [3303]  : Checking if the command processor should execute...
[2017-03-12T18:12:02.100Z] DEBUG [3303]  : Checking whether the command is applicable to instance (i-0aee4b32a58d3c3b1)..
[2017-03-12T18:12:02.100Z] INFO  [3303]  : Command is applicable to this instance (i-0aee4b32a58d3c3b1)..
[2017-03-12T18:12:02.100Z] DEBUG [3303]  : Checking if the received command stage is valid..
[2017-03-12T18:12:02.100Z] INFO  [3303]  : No stage_num in command. Valid stage..
[2017-03-12T18:12:02.100Z] INFO  [3303]  : Received command CMD-TailLogs: {"execution_data":"{\"aws_access_key_id\":\"ASIAJT7UMMSKB5PTWQPQ\",\"signature\":\"xz8qKfo9ewbiixO+Q5BwR7atfWU=\",\"security_token\":\"FQoDYXdzEJP\\\/\\\/\\\/\\\/\\\/\\\/\\\/\\\/\\\/\\\/wEaDNm5JvP6CtMnHRNjhyL+AuYUCXNIGW8LnPZJ0\\\/CFQNllD\\\/BE0Z3X63yFDf5\\\/vDH7c2Axls9v8URGb8SwpyxBovP7fMJvm6fDgk6X07r1lLH4+DyBTNoUyPIadTq7z\\\/awft3vu0yA+MiM6Cmm25jtHG9oFcJiSoS7u3wX+I2EMPWgwnhZfBipR+Rqqb7XTR8c2cEXfNuEZIOacFFovFBJGRbKoj\\\/bbvemf4TCWCMdnkvjTZF8LXP5W1hghjMAzC8aXCS6lZ1Siq48RjtLZchpWhIZac8fz5zvx4cCOErP8gdFC5b9wp2O0DLi\\\/Q\\\/4T3ruT4C5MS31qDKSh\\\/GlTxbmQKbcu37cx9v9VxJOOSnXdwT1yr+w+3XlpCgAXZxpJ1+7JWXzInxlsgT0aIz5qkLxigeqx7FrGn4x5rGdeYdvIlfvdqO16qIpz33CH+aUoMWFOXNh20t\\\/EjfiLk2JfuuuKr1G5Tcz5ARWHZD8H6CbFQPdU10idJpSDfb94CtrrbO7bSqGKnGh0X+GirmWQgko8J6WxgU=\",\"policy\":\"eyJleHBpcmF0aW9uIjoiMjAxNy0wMy0xMlQxODo0MjowMC4xMjdaIiwiY29uZGl0aW9ucyI6W1sic3RhcnRzLXdpdGgiLCIkeC1hbXotbWV0YS10aW1lX3N0YW1wIiwiIl0sWyJzdGFydHMtd2l0aCIsIiR4LWFtei1tZXRhLXB1Ymxpc2hfbWVjaGFuaXNtIiwiIl0sWyJzdGFydHMtd2l0aCIsIiRrZXkiLCJyZXNvdXJjZXNcL2Vudmlyb25tZW50c1wvbG9nc1wvIl0sWyJzdGFydHMtd2l0aCIsIiR4LWFtei1tZXRhLWJhdGNoX2lkIiwiIl0sWyJzdGFydHMtd2l0aCIsIiR4LWFtei1tZXRhLWZpbGVfbmFtZSIsIiJdLFsic3RhcnRzLXdpdGgiLCIkeC1hbXotc2VjdXJpdHktdG9rZW4iLCIiXSxbInN0YXJ0cy13aXRoIiwiJENvbnRlbnQtVHlwZSIsIiJdLFsiZXEiLCIkYnVja2V0IiwiZWxhc3RpY2JlYW5zdGFsay11cy1lYXN0LTEtNzA4NDY0NjIzNDY4Il0sWyJlcSIsIiRhY2wiLCJwcml2YXRlIl1dfQ==\"}","instance_ids":["i-0aee4b32a58d3c3b1"],"data":"62d50d89-074f-11e7-90b7-037fbfd197ee","command_name":"CMD-TailLogs","api_version":"1.0","resource_name":"AWSEBAutoScalingGroup","request_id":"62d50d89-074f-11e7-90b7-037fbfd197ee","command_timeout":"600"}
[2017-03-12T18:12:02.100Z] INFO  [3303]  : Command processor should execute command.
[2017-03-12T18:12:02.100Z] DEBUG [3303]  : Storing current stage..
[2017-03-12T18:12:02.100Z] DEBUG [3303]  : Stage_num does not exist. Not saving null stage. Returning..
[2017-03-12T18:12:02.100Z] DEBUG [3303]  : Reading config file: /etc/elasticbeanstalk/.aws-eb-stack.properties
[2017-03-12T18:12:02.100Z] DEBUG [3303]  : Retrieving metadata for key: AWS::ElasticBeanstalk::Ext||_ContainerConfigFileContent||commands..
[2017-03-12T18:12:02.101Z] DEBUG [3303]  : Retrieving metadata for key: AWS::ElasticBeanstalk::Ext||_API||_Commands..
[2017-03-12T18:12:02.102Z] INFO  [3303]  : Found enabled addons: ["logpublish", "logstreaming"].
[2017-03-12T18:12:02.103Z] INFO  [3303]  : Updating Command definition of addon logpublish.
[2017-03-12T18:12:02.103Z] INFO  [3303]  : Updating Command definition of addon logstreaming.
[2017-03-12T18:12:02.103Z] DEBUG [3303]  : Loaded definition of Command CMD-TailLogs.
[2017-03-12T18:12:02.103Z] INFO  [3303]  : Executing CMD-TailLogs
[2017-03-12T18:12:02.104Z] INFO  [3303]  : Executing command: CMD-TailLogs...
[2017-03-12T18:12:02.104Z] INFO  [3303]  : Executing command CMD-TailLogs activities...
[2017-03-12T18:12:02.104Z] DEBUG [3303]  : Setting environment variables..
[2017-03-12T18:12:02.104Z] INFO  [3303]  : Running AddonsBefore for command CMD-TailLogs...
[2017-03-12T18:12:02.104Z] DEBUG [3303]  : Running stages of Command CMD-TailLogs from stage 0 to stage 0...
[2017-03-12T18:12:02.104Z] INFO  [3303]  : Running stage 0 of command CMD-TailLogs...
[2017-03-12T18:12:02.104Z] DEBUG [3303]  : Loaded 1 actions for stage 0.
[2017-03-12T18:12:02.104Z] INFO  [3303]  : Running 1 of 1 actions: TailLogs...



